0 info it worked if it ends with ok
1 verbose cli [ '/usr/local/bin/node',
1 verbose cli   '/usr/local/bin/npm',
1 verbose cli   'install',
1 verbose cli   '-g',
1 verbose cli   'tick' ]
2 info using npm@3.10.8
3 info using node@v6.9.1
4 silly loadCurrentTree Starting
5 silly install loadCurrentTree
6 silly install readGlobalPackageData
7 silly fetchPackageMetaData tick
8 silly fetchNamedPackageData tick
9 silly mapToRegistry name tick
10 silly mapToRegistry using default registry
11 silly mapToRegistry registry https://registry.npmjs.org/
12 silly mapToRegistry data Result {
12 silly mapToRegistry   raw: 'tick',
12 silly mapToRegistry   scope: null,
12 silly mapToRegistry   escapedName: 'tick',
12 silly mapToRegistry   name: 'tick',
12 silly mapToRegistry   rawSpec: '',
12 silly mapToRegistry   spec: 'latest',
12 silly mapToRegistry   type: 'tag' }
13 silly mapToRegistry uri https://registry.npmjs.org/tick
14 verbose request uri https://registry.npmjs.org/tick
15 verbose request no auth needed
16 info attempt registry request try #1 at 11:37:25
17 verbose request id 2d0fd527867fa058
18 verbose etag W/"546e8ff4-24a5"
19 verbose lastModified Fri, 21 Nov 2014 01:05:56 GMT
20 http request GET https://registry.npmjs.org/tick
21 http 304 https://registry.npmjs.org/tick
22 verbose headers { date: 'Fri, 14 Jul 2017 09:37:25 GMT',
22 verbose headers   via: '1.1 varnish',
22 verbose headers   'cache-control': 'max-age=300',
22 verbose headers   etag: 'W/"546e8ff4-24a5"',
22 verbose headers   age: '0',
22 verbose headers   connection: 'keep-alive',
22 verbose headers   'x-served-by': 'cache-hhn1534-HHN',
22 verbose headers   'x-cache': 'MISS',
22 verbose headers   'x-cache-hits': '0',
22 verbose headers   'x-timer': 'S1500025046.798620,VS0,VE2',
22 verbose headers   vary: 'Accept-Encoding, Accept' }
23 silly get cb [ 304,
23 silly get   { date: 'Fri, 14 Jul 2017 09:37:25 GMT',
23 silly get     via: '1.1 varnish',
23 silly get     'cache-control': 'max-age=300',
23 silly get     etag: 'W/"546e8ff4-24a5"',
23 silly get     age: '0',
23 silly get     connection: 'keep-alive',
23 silly get     'x-served-by': 'cache-hhn1534-HHN',
23 silly get     'x-cache': 'MISS',
23 silly get     'x-cache-hits': '0',
23 silly get     'x-timer': 'S1500025046.798620,VS0,VE2',
23 silly get     vary: 'Accept-Encoding, Accept' } ]
24 verbose etag https://registry.npmjs.org/tick from cache
25 verbose get saving tick to /Volumes/DataHDD/Users/alexanderkeller/.npm/registry.npmjs.org/tick/.cache.json
26 verbose correctMkdir /Volumes/DataHDD/Users/alexanderkeller/.npm correctMkdir not in flight; initializing
27 silly install normalizeTree
28 silly loadCurrentTree Finishing
29 silly loadIdealTree Starting
30 silly install loadIdealTree
31 silly cloneCurrentTree Starting
32 silly install cloneCurrentTreeToIdealTree
33 silly cloneCurrentTree Finishing
34 silly loadShrinkwrap Starting
35 silly install loadShrinkwrap
36 silly loadShrinkwrap Finishing
37 silly loadAllDepsIntoIdealTree Starting
38 silly install loadAllDepsIntoIdealTree
39 silly resolveWithNewModule tick@0.1.1 checking installable status
40 silly cache add args [ 'tick', null ]
41 verbose cache add spec tick
42 silly cache add parsed spec Result {
42 silly cache add   raw: 'tick',
42 silly cache add   scope: null,
42 silly cache add   escapedName: 'tick',
42 silly cache add   name: 'tick',
42 silly cache add   rawSpec: '',
42 silly cache add   spec: 'latest',
42 silly cache add   type: 'tag' }
43 silly addNamed tick@latest
44 verbose addNamed "latest" is being treated as a dist-tag for tick
45 info addNameTag [ 'tick', 'latest' ]
46 silly mapToRegistry name tick
47 silly mapToRegistry using default registry
48 silly mapToRegistry registry https://registry.npmjs.org/
49 silly mapToRegistry data Result {
49 silly mapToRegistry   raw: 'tick',
49 silly mapToRegistry   scope: null,
49 silly mapToRegistry   escapedName: 'tick',
49 silly mapToRegistry   name: 'tick',
49 silly mapToRegistry   rawSpec: '',
49 silly mapToRegistry   spec: 'latest',
49 silly mapToRegistry   type: 'tag' }
50 silly mapToRegistry uri https://registry.npmjs.org/tick
51 verbose addNameTag registry:https://registry.npmjs.org/tick not in flight; fetching
52 verbose get https://registry.npmjs.org/tick not expired, no request
53 silly addNameTag next cb for tick with tag latest
54 silly addNamed tick@0.1.1
55 verbose addNamed "0.1.1" is a plain semver version for tick
56 silly cache afterAdd tick@0.1.1
57 verbose afterAdd /Volumes/DataHDD/Users/alexanderkeller/.npm/tick/0.1.1/package/package.json not in flight; writing
58 verbose correctMkdir /Volumes/DataHDD/Users/alexanderkeller/.npm correctMkdir not in flight; initializing
59 verbose afterAdd /Volumes/DataHDD/Users/alexanderkeller/.npm/tick/0.1.1/package/package.json written
60 silly fetchNamedPackageData byline
61 silly mapToRegistry name byline
62 silly mapToRegistry using default registry
63 silly mapToRegistry registry https://registry.npmjs.org/
64 silly mapToRegistry data Result {
64 silly mapToRegistry   raw: 'byline',
64 silly mapToRegistry   scope: null,
64 silly mapToRegistry   escapedName: 'byline',
64 silly mapToRegistry   name: 'byline',
64 silly mapToRegistry   rawSpec: '',
64 silly mapToRegistry   spec: 'latest',
64 silly mapToRegistry   type: 'tag' }
65 silly mapToRegistry uri https://registry.npmjs.org/byline
66 verbose request uri https://registry.npmjs.org/byline
67 verbose request no auth needed
68 info attempt registry request try #1 at 11:37:25
69 verbose etag W/"57f2c45a-576e"
70 verbose lastModified Mon, 03 Oct 2016 20:49:30 GMT
71 http request GET https://registry.npmjs.org/byline
72 http 304 https://registry.npmjs.org/byline
73 verbose headers { date: 'Fri, 14 Jul 2017 09:37:25 GMT',
73 verbose headers   via: '1.1 varnish',
73 verbose headers   'cache-control': 'max-age=300',
73 verbose headers   etag: 'W/"57f2c45a-576e"',
73 verbose headers   age: '151',
73 verbose headers   connection: 'keep-alive',
73 verbose headers   'x-served-by': 'cache-hhn1534-HHN',
73 verbose headers   'x-cache': 'HIT',
73 verbose headers   'x-cache-hits': '1',
73 verbose headers   'x-timer': 'S1500025046.920591,VS0,VE1',
73 verbose headers   vary: 'Accept-Encoding, Accept' }
74 silly get cb [ 304,
74 silly get   { date: 'Fri, 14 Jul 2017 09:37:25 GMT',
74 silly get     via: '1.1 varnish',
74 silly get     'cache-control': 'max-age=300',
74 silly get     etag: 'W/"57f2c45a-576e"',
74 silly get     age: '151',
74 silly get     connection: 'keep-alive',
74 silly get     'x-served-by': 'cache-hhn1534-HHN',
74 silly get     'x-cache': 'HIT',
74 silly get     'x-cache-hits': '1',
74 silly get     'x-timer': 'S1500025046.920591,VS0,VE1',
74 silly get     vary: 'Accept-Encoding, Accept' } ]
75 verbose etag https://registry.npmjs.org/byline from cache
76 verbose get saving byline to /Volumes/DataHDD/Users/alexanderkeller/.npm/registry.npmjs.org/byline/.cache.json
77 verbose correctMkdir /Volumes/DataHDD/Users/alexanderkeller/.npm correctMkdir not in flight; initializing
78 silly resolveWithNewModule byline@2.0.3 checking installable status
79 silly cache add args [ 'byline@~2.0.3', null ]
80 verbose cache add spec byline@~2.0.3
81 silly cache add parsed spec Result {
81 silly cache add   raw: 'byline@~2.0.3',
81 silly cache add   scope: null,
81 silly cache add   escapedName: 'byline',
81 silly cache add   name: 'byline',
81 silly cache add   rawSpec: '~2.0.3',
81 silly cache add   spec: '>=2.0.3 <2.1.0',
81 silly cache add   type: 'range' }
82 silly addNamed byline@>=2.0.3 <2.1.0
83 verbose addNamed ">=2.0.3 <2.1.0" is a valid semver range for byline
84 silly addNameRange { name: 'byline', range: '>=2.0.3 <2.1.0', hasData: false }
85 silly mapToRegistry name byline
86 silly mapToRegistry using default registry
87 silly mapToRegistry registry https://registry.npmjs.org/
88 silly mapToRegistry data Result {
88 silly mapToRegistry   raw: 'byline',
88 silly mapToRegistry   scope: null,
88 silly mapToRegistry   escapedName: 'byline',
88 silly mapToRegistry   name: 'byline',
88 silly mapToRegistry   rawSpec: '',
88 silly mapToRegistry   spec: 'latest',
88 silly mapToRegistry   type: 'tag' }
89 silly mapToRegistry uri https://registry.npmjs.org/byline
90 verbose addNameRange registry:https://registry.npmjs.org/byline not in flight; fetching
91 verbose get https://registry.npmjs.org/byline not expired, no request
92 silly addNameRange number 2 { name: 'byline', range: '>=2.0.3 <2.1.0', hasData: true }
93 silly addNameRange versions [ 'byline',
93 silly addNameRange   [ '1.0.0',
93 silly addNameRange     '1.0.1',
93 silly addNameRange     '1.0.2',
93 silly addNameRange     '1.0.3',
93 silly addNameRange     '2.0.1',
93 silly addNameRange     '2.0.2',
93 silly addNameRange     '2.0.3',
93 silly addNameRange     '2.1.0',
93 silly addNameRange     '2.1.1',
93 silly addNameRange     '3.0.0',
93 silly addNameRange     '3.0.1',
93 silly addNameRange     '3.1.0',
93 silly addNameRange     '3.1.1',
93 silly addNameRange     '3.1.2',
93 silly addNameRange     '4.0.0',
93 silly addNameRange     '4.1.0',
93 silly addNameRange     '4.1.1',
93 silly addNameRange     '4.2.0',
93 silly addNameRange     '4.2.1',
93 silly addNameRange     '4.2.2',
93 silly addNameRange     '5.0.0' ] ]
94 silly addNamed byline@2.0.3
95 verbose addNamed "2.0.3" is a plain semver version for byline
96 silly cache afterAdd byline@2.0.3
97 verbose afterAdd /Volumes/DataHDD/Users/alexanderkeller/.npm/byline/2.0.3/package/package.json not in flight; writing
98 verbose correctMkdir /Volumes/DataHDD/Users/alexanderkeller/.npm correctMkdir not in flight; initializing
99 verbose afterAdd /Volumes/DataHDD/Users/alexanderkeller/.npm/byline/2.0.3/package/package.json written
100 silly loadAllDepsIntoIdealTree Finishing
101 silly loadIdealTree Finishing
102 silly currentTree lib
102 silly currentTree └─┬ tick@0.1.1
102 silly currentTree   └── byline@2.0.3
103 silly idealTree lib
103 silly idealTree └─┬ tick@0.1.1
103 silly idealTree   └── byline@2.0.3
104 silly generateActionsToTake Starting
105 silly install generateActionsToTake
106 warn checkPermissions Missing write access to /usr/local/lib/node_modules/tick
107 silly rollbackFailedOptional Starting
108 silly rollbackFailedOptional Finishing
109 silly runTopLevelLifecycles Finishing
110 silly install printInstalled
111 verbose stack Error: EACCES: permission denied, access '/usr/local/lib/node_modules/tick'
111 verbose stack     at Error (native)
112 verbose cwd /Volumes/DataHDD/WorkDir/Discord/foxbot2/foxbot
113 error Darwin 16.5.0
114 error argv "/usr/local/bin/node" "/usr/local/bin/npm" "install" "-g" "tick"
115 error node v6.9.1
116 error npm  v3.10.8
117 error path /usr/local/lib/node_modules/tick
118 error code EACCES
119 error errno -13
120 error syscall access
121 error Error: EACCES: permission denied, access '/usr/local/lib/node_modules/tick'
121 error     at Error (native)
121 error  { Error: EACCES: permission denied, access '/usr/local/lib/node_modules/tick'
121 error     at Error (native)
121 error   errno: -13,
121 error   code: 'EACCES',
121 error   syscall: 'access',
121 error   path: '/usr/local/lib/node_modules/tick' }
122 error Please try running this command again as root/Administrator.
123 verbose exit [ -13, true ]
