FoX	Fox (chi-ras)	Pledges	Thu Feb 16 2017 01:07:43 GMT+0100 (CET)
FoX	Fox (chi-ras)	Status	Thu Feb 16 2017 01:08:00 GMT+0100 (CET)
FoX	Fox (chi-ras)	Set	Thu Feb 16 2017 01:08:06 GMT+0100 (CET)
FoX	Fox (chi-ras)	Help	Thu Feb 16 2017 01:08:17 GMT+0100 (CET)
FoX	Fox (chi-ras)	Pledges	Thu Feb 16 2017 01:27:23 GMT+0100 (CET)
FoX	Fox (chi-ras)	Status	Thu Feb 16 2017 01:27:32 GMT+0100 (CET)
FoX	Fox (chi-ras)	Golden	Thu Feb 16 2017 01:27:43 GMT+0100 (CET)
FoX	Fox (chi-ras)	Set	Thu Feb 16 2017 01:27:47 GMT+0100 (CET)
FoX	Fox (chi-ras)	Help	Thu Feb 16 2017 01:27:52 GMT+0100 (CET)
Exterminatus	Fox (chi-ras)	Help	Thu Feb 16 2017 01:31:18 GMT+0100 (CET)
FoX	Ivy	Pledges	Fri Feb 17 2017 15:32:14 GMT+0100 (CET)
Exterminatus	U face	Golden	Sat Feb 18 2017 08:29:47 GMT+0100 (CET)
Exterminatus	Fox (chi-ras)	Set	Sat Feb 18 2017 11:41:15 GMT+0100 (CET)
Exterminatus	Fox (chi-ras)	Set	Sat Feb 18 2017 11:42:31 GMT+0100 (CET)
Exterminatus	Darlon	Golden	Sat Feb 18 2017 13:27:23 GMT+0100 (CET)
FoX	Fox (chi-ras)	Golden	Sat Feb 18 2017 21:07:00 GMT+0100 (CET)
FoX	Fox (chi-ras)	Golden	Sat Feb 18 2017 21:07:22 GMT+0100 (CET)
FoX	Fox (chi-ras)	Set	Sat Feb 18 2017 21:30:55 GMT+0100 (CET)
FoX	Fox (chi-ras)	Golden	Sat Feb 18 2017 21:33:36 GMT+0100 (CET)
FoX	Fox (chi-ras)	Help	Sun Feb 19 2017 14:39:59 GMT+0100 (CET)
FoX	Fox (chi-ras)	Help	Sun Feb 19 2017 14:42:16 GMT+0100 (CET)
FoX	Fox (chi-ras)	Help	Sun Feb 19 2017 14:42:25 GMT+0100 (CET)
